<?xml version="1.0" encoding="UTF-8"?>
<coverage generated="1638140814369" clover="3.2.0">
  <project timestamp="1638140814369" name="All files">
    <metrics statements="55" coveredstatements="42" conditionals="28" coveredconditionals="18" methods="15" coveredmethods="14" elements="98" coveredelements="74" complexity="0" loc="55" ncloc="55" packages="3" files="3" classes="3"/>
    <package name="ZendeskGarimanKohli">
      <metrics statements="3" coveredstatements="3" conditionals="0" coveredconditionals="0" methods="0" coveredmethods="0"/>
      <file name="config.js" path="/Users/garimankohli/Desktop/ZendeskGarimanKohli/config.js">
        <metrics statements="3" coveredstatements="3" conditionals="0" coveredconditionals="0" methods="0" coveredmethods="0"/>
        <line num="2" count="1" type="stmt"/>
        <line num="3" count="1" type="stmt"/>
        <line num="5" count="1" type="stmt"/>
      </file>
    </package>
    <package name="ZendeskGarimanKohli.helpers.APIConnect">
      <metrics statements="44" coveredstatements="31" conditionals="18" coveredconditionals="8" methods="12" coveredmethods="11"/>
      <file name="APIConnect.js" path="/Users/garimankohli/Desktop/ZendeskGarimanKohli/helpers/APIConnect/APIConnect.js">
        <metrics statements="44" coveredstatements="31" conditionals="18" coveredconditionals="8" methods="12" coveredmethods="11"/>
        <line num="2" count="1" type="stmt"/>
        <line num="3" count="1" type="stmt"/>
        <line num="4" count="1" type="stmt"/>
        <line num="5" count="1" type="stmt"/>
        <line num="7" count="1" type="cond" truecount="1" falsecount="1"/>
        <line num="13" count="10" type="stmt"/>
        <line num="14" count="10" type="stmt"/>
        <line num="15" count="10" type="stmt"/>
        <line num="16" count="10" type="stmt"/>
        <line num="21" count="2" type="stmt"/>
        <line num="22" count="2" type="stmt"/>
        <line num="23" count="2" type="stmt"/>
        <line num="24" count="2" type="stmt"/>
        <line num="25" count="2" type="cond" truecount="1" falsecount="1"/>
        <line num="26" count="2" type="stmt"/>
        <line num="27" count="2" type="cond" truecount="1" falsecount="1"/>
        <line num="28" count="0" type="stmt"/>
        <line num="29" count="0" type="stmt"/>
        <line num="30" count="0" type="stmt"/>
        <line num="31" count="0" type="stmt"/>
        <line num="32" count="0" type="cond" truecount="0" falsecount="2"/>
        <line num="33" count="0" type="stmt"/>
        <line num="34" count="0" type="stmt"/>
        <line num="35" count="0" type="stmt"/>
        <line num="36" count="0" type="stmt"/>
        <line num="37" count="2" type="stmt"/>
        <line num="44" count="4" type="stmt"/>
        <line num="45" count="4" type="stmt"/>
        <line num="46" count="4" type="cond" truecount="1" falsecount="1"/>
        <line num="51" count="6" type="stmt"/>
        <line num="53" count="0" type="stmt"/>
        <line num="54" count="6" type="stmt"/>
        <line num="59" count="7" type="cond" truecount="1" falsecount="1"/>
        <line num="60" count="7" type="stmt"/>
        <line num="61" count="7" type="cond" truecount="2" falsecount="2"/>
        <line num="63" count="6" type="stmt"/>
        <line num="65" count="0" type="stmt"/>
        <line num="67" count="0" type="stmt"/>
        <line num="69" count="1" type="stmt"/>
        <line num="72" count="0" type="stmt"/>
        <line num="77" count="1" type="cond" truecount="1" falsecount="1"/>
        <line num="84" count="1" type="stmt"/>
        <line num="85" count="3" type="stmt"/>
        <line num="90" count="1" type="stmt"/>
      </file>
    </package>
    <package name="ZendeskGarimanKohli.helpers.Ticket">
      <metrics statements="8" coveredstatements="8" conditionals="10" coveredconditionals="10" methods="3" coveredmethods="3"/>
      <file name="Ticket.js" path="/Users/garimankohli/Desktop/ZendeskGarimanKohli/helpers/Ticket/Ticket.js">
        <metrics statements="8" coveredstatements="8" conditionals="10" coveredconditionals="10" methods="3" coveredmethods="3"/>
        <line num="5" count="10" type="cond" truecount="2" falsecount="0"/>
        <line num="6" count="10" type="cond" truecount="2" falsecount="0"/>
        <line num="7" count="10" type="cond" truecount="2" falsecount="0"/>
        <line num="8" count="10" type="cond" truecount="2" falsecount="0"/>
        <line num="9" count="10" type="cond" truecount="2" falsecount="0"/>
        <line num="14" count="1" type="stmt"/>
        <line num="25" count="1" type="stmt"/>
        <line num="38" count="2" type="stmt"/>
      </file>
    </package>
  </project>
</coverage>
