{"/Users/garimankohli/Desktop/ZendeskGarimanKohli/config.js": {"path":"/Users/garimankohli/Desktop/ZendeskGarimanKohli/config.js","statementMap":{"0":{"start":{"line":2,"column":15},"end":{"line":2,"column":32}},"1":{"start":{"line":3,"column":0},"end":{"line":3,"column":15}},"2":{"start":{"line":5,"column":0},"end":{"line":12,"column":1}}},"fnMap":{},"branchMap":{},"s":{"0":1,"1":1,"2":1},"f":{},"b":{},"_coverageSchema":"43e27e138ebf9cfc5966b082cf9a028302ed4184","hash":"72ef86424c09a608c355a7e87ddb5f898c421b02"}
,"/Users/garimankohli/Desktop/ZendeskGarimanKohli/helpers/APIConnect/APIConnect.js": {"path":"/Users/garimankohli/Desktop/ZendeskGarimanKohli/helpers/APIConnect/APIConnect.js","statementMap":{"0":{"start":{"line":2,"column":14},"end":{"line":2,"column":35}},"1":{"start":{"line":3,"column":21},"end":{"line":3,"column":45}},"2":{"start":{"line":4,"column":15},"end":{"line":4,"column":42}},"3":{"start":{"line":5,"column":16},"end":{"line":5,"column":34}},"4":{"start":{"line":7,"column":0},"end":{"line":7,"column":74}},"5":{"start":{"line":13,"column":1},"end":{"line":13,"column":70}},"6":{"start":{"line":14,"column":4},"end":{"line":14,"column":37}},"7":{"start":{"line":15,"column":4},"end":{"line":15,"column":63}},"8":{"start":{"line":16,"column":4},"end":{"line":16,"column":41}},"9":{"start":{"line":21,"column":20},"end":{"line":21,"column":22}},"10":{"start":{"line":22,"column":14},"end":{"line":22,"column":102}},"11":{"start":{"line":23,"column":15},"end":{"line":23,"column":16}},"12":{"start":{"line":24,"column":4},"end":{"line":39,"column":5}},"13":{"start":{"line":25,"column":6},"end":{"line":38,"column":7}},"14":{"start":{"line":26,"column":26},"end":{"line":26,"column":54}},"15":{"start":{"line":27,"column":8},"end":{"line":37,"column":26}},"16":{"start":{"line":28,"column":23},"end":{"line":28,"column":62}},"17":{"start":{"line":29,"column":10},"end":{"line":29,"column":37}},"18":{"start":{"line":30,"column":10},"end":{"line":30,"column":49}},"19":{"start":{"line":31,"column":10},"end":{"line":31,"column":54}},"20":{"start":{"line":32,"column":10},"end":{"line":32,"column":65}},"21":{"start":{"line":33,"column":10},"end":{"line":33,"column":42}},"22":{"start":{"line":34,"column":10},"end":{"line":34,"column":34}},"23":{"start":{"line":35,"column":10},"end":{"line":35,"column":28}},"24":{"start":{"line":36,"column":10},"end":{"line":36,"column":23}},"25":{"start":{"line":37,"column":15},"end":{"line":37,"column":26}},"26":{"start":{"line":44,"column":14},"end":{"line":44,"column":94}},"27":{"start":{"line":45,"column":22},"end":{"line":45,"column":50}},"28":{"start":{"line":46,"column":4},"end":{"line":46,"column":62}},"29":{"start":{"line":51,"column":4},"end":{"line":54,"column":41}},"30":{"start":{"line":53,"column":24},"end":{"line":53,"column":39}},"31":{"start":{"line":54,"column":22},"end":{"line":54,"column":40}},"32":{"start":{"line":59,"column":4},"end":{"line":71,"column":5}},"33":{"start":{"line":60,"column":6},"end":{"line":60,"column":48}},"34":{"start":{"line":61,"column":6},"end":{"line":70,"column":7}},"35":{"start":{"line":63,"column":10},"end":{"line":63,"column":74}},"36":{"start":{"line":65,"column":10},"end":{"line":65,"column":65}},"37":{"start":{"line":67,"column":10},"end":{"line":67,"column":66}},"38":{"start":{"line":69,"column":10},"end":{"line":69,"column":47}},"39":{"start":{"line":72,"column":4},"end":{"line":72,"column":19}},"40":{"start":{"line":77,"column":4},"end":{"line":79,"column":10}},"41":{"start":{"line":84,"column":4},"end":{"line":86,"column":6}},"42":{"start":{"line":85,"column":6},"end":{"line":85,"column":37}},"43":{"start":{"line":90,"column":0},"end":{"line":90,"column":34}}},"fnMap":{"0":{"name":"(anonymous_0)","decl":{"start":{"line":7,"column":61},"end":{"line":7,"column":62}},"loc":{"start":{"line":7,"column":72},"end":{"line":7,"column":74}},"line":7},"1":{"name":"(anonymous_1)","decl":{"start":{"line":12,"column":2},"end":{"line":12,"column":3}},"loc":{"start":{"line":12,"column":33},"end":{"line":17,"column":3}},"line":12},"2":{"name":"(anonymous_2)","decl":{"start":{"line":20,"column":2},"end":{"line":20,"column":3}},"loc":{"start":{"line":20,"column":26},"end":{"line":40,"column":3}},"line":20},"3":{"name":"(anonymous_3)","decl":{"start":{"line":24,"column":11},"end":{"line":24,"column":12}},"loc":{"start":{"line":24,"column":23},"end":{"line":39,"column":5}},"line":24},"4":{"name":"(anonymous_4)","decl":{"start":{"line":43,"column":2},"end":{"line":43,"column":3}},"loc":{"start":{"line":43,"column":34},"end":{"line":47,"column":3}},"line":43},"5":{"name":"(anonymous_5)","decl":{"start":{"line":50,"column":2},"end":{"line":50,"column":3}},"loc":{"start":{"line":50,"column":26},"end":{"line":55,"column":3}},"line":50},"6":{"name":"(anonymous_6)","decl":{"start":{"line":53,"column":12},"end":{"line":53,"column":13}},"loc":{"start":{"line":53,"column":24},"end":{"line":53,"column":39}},"line":53},"7":{"name":"(anonymous_7)","decl":{"start":{"line":54,"column":13},"end":{"line":54,"column":14}},"loc":{"start":{"line":54,"column":22},"end":{"line":54,"column":40}},"line":54},"8":{"name":"(anonymous_8)","decl":{"start":{"line":58,"column":2},"end":{"line":58,"column":3}},"loc":{"start":{"line":58,"column":26},"end":{"line":73,"column":3}},"line":58},"9":{"name":"(anonymous_9)","decl":{"start":{"line":76,"column":2},"end":{"line":76,"column":3}},"loc":{"start":{"line":76,"column":28},"end":{"line":80,"column":3}},"line":76},"10":{"name":"(anonymous_10)","decl":{"start":{"line":83,"column":2},"end":{"line":83,"column":3}},"loc":{"start":{"line":83,"column":29},"end":{"line":87,"column":3}},"line":83},"11":{"name":"(anonymous_11)","decl":{"start":{"line":84,"column":27},"end":{"line":84,"column":28}},"loc":{"start":{"line":84,"column":43},"end":{"line":86,"column":5}},"line":84}},"branchMap":{"0":{"loc":{"start":{"line":7,"column":14},"end":{"line":7,"column":74}},"type":"cond-expr","locations":[{"start":{"line":7,"column":47},"end":{"line":7,"column":58}},{"start":{"line":7,"column":61},"end":{"line":7,"column":74}}],"line":7},"1":{"loc":{"start":{"line":25,"column":6},"end":{"line":38,"column":7}},"type":"if","locations":[{"start":{"line":25,"column":6},"end":{"line":38,"column":7}},{"start":{"line":25,"column":6},"end":{"line":38,"column":7}}],"line":25},"2":{"loc":{"start":{"line":27,"column":8},"end":{"line":37,"column":26}},"type":"if","locations":[{"start":{"line":27,"column":8},"end":{"line":37,"column":26}},{"start":{"line":27,"column":8},"end":{"line":37,"column":26}}],"line":27},"3":{"loc":{"start":{"line":32,"column":24},"end":{"line":32,"column":65}},"type":"cond-expr","locations":[{"start":{"line":32,"column":45},"end":{"line":32,"column":51}},{"start":{"line":32,"column":54},"end":{"line":32,"column":65}}],"line":32},"4":{"loc":{"start":{"line":46,"column":11},"end":{"line":46,"column":62}},"type":"cond-expr","locations":[{"start":{"line":46,"column":25},"end":{"line":46,"column":55}},{"start":{"line":46,"column":58},"end":{"line":46,"column":62}}],"line":46},"5":{"loc":{"start":{"line":59,"column":4},"end":{"line":71,"column":5}},"type":"if","locations":[{"start":{"line":59,"column":4},"end":{"line":71,"column":5}},{"start":{"line":59,"column":4},"end":{"line":71,"column":5}}],"line":59},"6":{"loc":{"start":{"line":61,"column":6},"end":{"line":70,"column":7}},"type":"switch","locations":[{"start":{"line":62,"column":8},"end":{"line":63,"column":74}},{"start":{"line":64,"column":8},"end":{"line":65,"column":65}},{"start":{"line":66,"column":8},"end":{"line":67,"column":66}},{"start":{"line":68,"column":8},"end":{"line":69,"column":47}}],"line":61},"7":{"loc":{"start":{"line":77,"column":11},"end":{"line":79,"column":10}},"type":"cond-expr","locations":[{"start":{"line":78,"column":8},"end":{"line":78,"column":59}},{"start":{"line":79,"column":8},"end":{"line":79,"column":10}}],"line":77}},"s":{"0":1,"1":1,"2":1,"3":1,"4":1,"5":10,"6":10,"7":10,"8":10,"9":2,"10":2,"11":2,"12":2,"13":2,"14":2,"15":2,"16":0,"17":0,"18":0,"19":0,"20":0,"21":0,"22":0,"23":0,"24":0,"25":2,"26":4,"27":4,"28":4,"29":6,"30":0,"31":6,"32":7,"33":7,"34":7,"35":6,"36":0,"37":0,"38":1,"39":0,"40":1,"41":1,"42":3,"43":1},"f":{"0":13,"1":10,"2":2,"3":2,"4":4,"5":6,"6":0,"7":6,"8":7,"9":1,"10":1,"11":3},"b":{"0":[0,1],"1":[2,0],"2":[0,2],"3":[0,0],"4":[0,4],"5":[7,0],"6":[6,0,0,1],"7":[0,1]},"_coverageSchema":"43e27e138ebf9cfc5966b082cf9a028302ed4184","hash":"8dace5a467bda542d68d4f7b03491284f33e51a4"}
,"/Users/garimankohli/Desktop/ZendeskGarimanKohli/helpers/Ticket/Ticket.js": {"path":"/Users/garimankohli/Desktop/ZendeskGarimanKohli/helpers/Ticket/Ticket.js","statementMap":{"0":{"start":{"line":5,"column":4},"end":{"line":5,"column":53}},"1":{"start":{"line":6,"column":4},"end":{"line":6,"column":28}},"2":{"start":{"line":7,"column":4},"end":{"line":7,"column":43}},"3":{"start":{"line":8,"column":4},"end":{"line":8,"column":51}},"4":{"start":{"line":9,"column":4},"end":{"line":9,"column":47}},"5":{"start":{"line":14,"column":4},"end":{"line":20,"column":6}},"6":{"start":{"line":25,"column":4},"end":{"line":34,"column":5}},"7":{"start":{"line":38,"column":0},"end":{"line":38,"column":23}}},"fnMap":{"0":{"name":"(anonymous_0)","decl":{"start":{"line":4,"column":2},"end":{"line":4,"column":3}},"loc":{"start":{"line":4,"column":22},"end":{"line":10,"column":3}},"line":4},"1":{"name":"(anonymous_1)","decl":{"start":{"line":13,"column":0},"end":{"line":13,"column":1}},"loc":{"start":{"line":13,"column":20},"end":{"line":21,"column":3}},"line":13},"2":{"name":"(anonymous_2)","decl":{"start":{"line":24,"column":2},"end":{"line":24,"column":3}},"loc":{"start":{"line":24,"column":18},"end":{"line":35,"column":3}},"line":24}},"branchMap":{"0":{"loc":{"start":{"line":5,"column":13},"end":{"line":5,"column":53}},"type":"cond-expr","locations":[{"start":{"line":5,"column":42},"end":{"line":5,"column":48}},{"start":{"line":5,"column":51},"end":{"line":5,"column":53}}],"line":5},"1":{"loc":{"start":{"line":6,"column":14},"end":{"line":6,"column":28}},"type":"binary-expr","locations":[{"start":{"line":6,"column":14},"end":{"line":6,"column":23}},{"start":{"line":6,"column":27},"end":{"line":6,"column":28}}],"line":6},"2":{"loc":{"start":{"line":7,"column":19},"end":{"line":7,"column":43}},"type":"binary-expr","locations":[{"start":{"line":7,"column":19},"end":{"line":7,"column":33}},{"start":{"line":7,"column":37},"end":{"line":7,"column":43}}],"line":7},"3":{"loc":{"start":{"line":8,"column":23},"end":{"line":8,"column":51}},"type":"binary-expr","locations":[{"start":{"line":8,"column":23},"end":{"line":8,"column":41}},{"start":{"line":8,"column":45},"end":{"line":8,"column":51}}],"line":8},"4":{"loc":{"start":{"line":9,"column":23},"end":{"line":9,"column":47}},"type":"binary-expr","locations":[{"start":{"line":9,"column":23},"end":{"line":9,"column":42}},{"start":{"line":9,"column":46},"end":{"line":9,"column":47}}],"line":9}},"s":{"0":10,"1":10,"2":10,"3":10,"4":10,"5":1,"6":1,"7":2},"f":{"0":10,"1":1,"2":1},"b":{"0":[5,5],"1":[10,9],"2":[10,9],"3":[10,9],"4":[10,9]},"_coverageSchema":"43e27e138ebf9cfc5966b082cf9a028302ed4184","hash":"1959128e0f1c0fce57b25ef44f7609c9d12ef777"}
}
