TN:
SF:/Users/garimankohli/Desktop/ZendeskGarimanKohli/config.js
FNF:0
FNH:0
DA:2,1
DA:3,1
DA:5,1
LF:3
LH:3
BRF:0
BRH:0
end_of_record
TN:
SF:/Users/garimankohli/Desktop/ZendeskGarimanKohli/helpers/APIConnect/APIConnect.js
FN:7,(anonymous_0)
FN:12,(anonymous_1)
FN:20,(anonymous_2)
FN:24,(anonymous_3)
FN:43,(anonymous_4)
FN:50,(anonymous_5)
FN:53,(anonymous_6)
FN:54,(anonymous_7)
FN:58,(anonymous_8)
FN:76,(anonymous_9)
FN:83,(anonymous_10)
FN:84,(anonymous_11)
FNF:12
FNH:11
FNDA:13,(anonymous_0)
FNDA:10,(anonymous_1)
FNDA:2,(anonymous_2)
FNDA:2,(anonymous_3)
FNDA:4,(anonymous_4)
FNDA:6,(anonymous_5)
FNDA:0,(anonymous_6)
FNDA:6,(anonymous_7)
FNDA:7,(anonymous_8)
FNDA:1,(anonymous_9)
FNDA:1,(anonymous_10)
FNDA:3,(anonymous_11)
DA:2,1
DA:3,1
DA:4,1
DA:5,1
DA:7,1
DA:13,10
DA:14,10
DA:15,10
DA:16,10
DA:21,2
DA:22,2
DA:23,2
DA:24,2
DA:25,2
DA:26,2
DA:27,2
DA:28,0
DA:29,0
DA:30,0
DA:31,0
DA:32,0
DA:33,0
DA:34,0
DA:35,0
DA:36,0
DA:37,2
DA:44,4
DA:45,4
DA:46,4
DA:51,6
DA:53,0
DA:54,6
DA:59,7
DA:60,7
DA:61,7
DA:63,6
DA:65,0
DA:67,0
DA:69,1
DA:72,0
DA:77,1
DA:84,1
DA:85,3
DA:90,1
LF:44
LH:31
BRDA:7,0,0,0
BRDA:7,0,1,1
BRDA:25,1,0,2
BRDA:25,1,1,0
BRDA:27,2,0,0
BRDA:27,2,1,2
BRDA:32,3,0,0
BRDA:32,3,1,0
BRDA:46,4,0,0
BRDA:46,4,1,4
BRDA:59,5,0,7
BRDA:59,5,1,0
BRDA:61,6,0,6
BRDA:61,6,1,0
BRDA:61,6,2,0
BRDA:61,6,3,1
BRDA:77,7,0,0
BRDA:77,7,1,1
BRF:18
BRH:8
end_of_record
TN:
SF:/Users/garimankohli/Desktop/ZendeskGarimanKohli/helpers/Ticket/Ticket.js
FN:4,(anonymous_0)
FN:13,(anonymous_1)
FN:24,(anonymous_2)
FNF:3
FNH:3
FNDA:10,(anonymous_0)
FNDA:1,(anonymous_1)
FNDA:1,(anonymous_2)
DA:5,10
DA:6,10
DA:7,10
DA:8,10
DA:9,10
DA:14,1
DA:25,1
DA:38,2
LF:8
LH:8
BRDA:5,0,0,5
BRDA:5,0,1,5
BRDA:6,1,0,10
BRDA:6,1,1,9
BRDA:7,2,0,10
BRDA:7,2,1,9
BRDA:8,3,0,10
BRDA:8,3,1,9
BRDA:9,4,0,10
BRDA:9,4,1,9
BRF:10
BRH:10
end_of_record
